# JRE version: OpenJDK Runtime Environment Microsoft-8035246 (17.0.8+7) (build 17.0.8+7-LTS)
# Java VM: OpenJDK 64-Bit Server VM Microsoft-8035246 (17.0.8+7-LTS, mixed mode, sharing, tiered, compressed oops, compressed class ptrs, g1 gc, windows-amd64)
GC Precious Log:
 CPUs: 8 total, 8 available
 Memory: 8071M
 Large Page Support: Disabled
 NUMA Support: Disabled
 Compressed Oops: Enabled (32-bit)
 Heap Region Size: 1M
 Heap Min Capacity: 8M
 Heap Initial Capacity: 128M
 Heap Max Capacity: 2G
 Pre-touch: Disabled
 Parallel Workers: 8
 Concurrent Workers: 2
 Concurrent Refinement Workers: 8
 Periodic GC: Disabled
Heap:
 garbage-first heap   total 370688K, used 301151K [0x0000000080000000, 0x0000000100000000)
  region size 1024K, 83 young (84992K), 2 survivors (2048K)
 Metaspace       used 112253K, committed 113472K, reserved 557056K
  class space    used 15496K, committed 16064K, reserved 425984K
GC Heap History (20 events):
Event: 128.208 GC heap before
{Heap before GC invocations=56 (full 0):
 garbage-first heap   total 266240K, used 226489K [0x0000000080000000, 0x0000000100000000)
  region size 1024K, 30 young (30720K), 3 survivors (3072K)
 Metaspace       used 110168K, committed 111424K, reserved 557056K
  class space    used 15357K, committed 15936K, reserved 425984K
}
Event: 128.221 GC heap after
{Heap after GC invocations=57 (full 0):
 garbage-first heap   total 266240K, used 204547K [0x0000000080000000, 0x0000000100000000)
  region size 1024K, 4 young (4096K), 4 survivors (4096K)
 Metaspace       used 110168K, committed 111424K, reserved 557056K
  class space    used 15357K, committed 15936K, reserved 425984K
}
Event: 128.867 GC heap before
{Heap before GC invocations=57 (full 0):
 garbage-first heap   total 266240K, used 232195K [0x0000000080000000, 0x0000000100000000)
  region size 1024K, 27 young (27648K), 4 survivors (4096K)
 Metaspace       used 111775K, committed 112960K, reserved 557056K
  class space    used 15448K, committed 16000K, reserved 425984K
}
Event: 128.877 GC heap after
{Heap after GC invocations=58 (full 0):
 garbage-first heap   total 266240K, used 209378K [0x0000000080000000, 0x0000000100000000)
  region size 1024K, 4 young (4096K), 4 survivors (4096K)
 Metaspace       used 111775K, committed 112960K, reserved 557056K
  class space    used 15448K, committed 16000K, reserved 425984K
}
Event: 129.109 GC heap before
{Heap before GC invocations=58 (full 0):
 garbage-first heap   total 266240K, used 226786K [0x0000000080000000, 0x0000000100000000)
  region size 1024K, 22 young (22528K), 4 survivors (4096K)
 Metaspace       used 111784K, committed 112960K, reserved 557056K
  class space    used 15448K, committed 16000K, reserved 425984K
}
Event: 129.116 GC heap after
{Heap after GC invocations=59 (full 0):
 garbage-first heap   total 266240K, used 212496K [0x0000000080000000, 0x0000000100000000)
  region size 1024K, 3 young (3072K), 3 survivors (3072K)
 Metaspace       used 111784K, committed 112960K, reserved 557056K
  class space    used 15448K, committed 16000K, reserved 425984K
}
Event: 129.438 GC heap before
{Heap before GC invocations=59 (full 0):
 garbage-first heap   total 266240K, used 228880K [0x0000000080000000, 0x0000000100000000)
  region size 1024K, 20 young (20480K), 3 survivors (3072K)
 Metaspace       used 111843K, committed 113024K, reserved 557056K
  class space    used 15453K, committed 16000K, reserved 425984K
}
Event: 129.441 GC heap after
{Heap after GC invocations=60 (full 0):
 garbage-first heap   total 266240K, used 213335K [0x0000000080000000, 0x0000000100000000)
  region size 1024K, 3 young (3072K), 3 survivors (3072K)
 Metaspace       used 111843K, committed 113024K, reserved 557056K
  class space    used 15453K, committed 16000K, reserved 425984K
}
Event: 129.801 GC heap before
{Heap before GC invocations=60 (full 0):
 garbage-first heap   total 266240K, used 229719K [0x0000000080000000, 0x0000000100000000)
  region size 1024K, 19 young (19456K), 3 survivors (3072K)
 Metaspace       used 112158K, committed 113344K, reserved 557056K
  class space    used 15488K, committed 16064K, reserved 425984K
}
Event: 129.804 GC heap after
{Heap after GC invocations=61 (full 0):
 garbage-first heap   total 266240K, used 214173K [0x0000000080000000, 0x0000000100000000)
  region size 1024K, 1 young (1024K), 1 survivors (1024K)
 Metaspace       used 112158K, committed 113344K, reserved 557056K
  class space    used 15488K, committed 16064K, reserved 425984K
}
Event: 130.082 GC heap before
{Heap before GC invocations=61 (full 0):
 garbage-first heap   total 266240K, used 230557K [0x0000000080000000, 0x0000000100000000)
  region size 1024K, 18 young (18432K), 1 survivors (1024K)
 Metaspace       used 112240K, committed 113472K, reserved 557056K
  class space    used 15496K, committed 16064K, reserved 425984K
}
Event: 130.086 GC heap after
{Heap after GC invocations=62 (full 0):
 garbage-first heap   total 266240K, used 216890K [0x0000000080000000, 0x0000000100000000)
  region size 1024K, 3 young (3072K), 3 survivors (3072K)
 Metaspace       used 112240K, committed 113472K, reserved 557056K
  class space    used 15496K, committed 16064K, reserved 425984K
}
Event: 130.176 GC heap before
{Heap before GC invocations=62 (full 0):
 garbage-first heap   total 266240K, used 231226K [0x0000000080000000, 0x0000000100000000)
  region size 1024K, 17 young (17408K), 3 survivors (3072K)
 Metaspace       used 112245K, committed 113472K, reserved 557056K
  class space    used 15496K, committed 16064K, reserved 425984K
}
Event: 130.181 GC heap after
{Heap after GC invocations=63 (full 0):
 garbage-first heap   total 266240K, used 217950K [0x0000000080000000, 0x0000000100000000)
  region size 1024K, 3 young (3072K), 3 survivors (3072K)
 Metaspace       used 112245K, committed 113472K, reserved 557056K
  class space    used 15496K, committed 16064K, reserved 425984K
}
Event: 130.272 GC heap before
{Heap before GC invocations=63 (full 0):
 garbage-first heap   total 266240K, used 231262K [0x0000000080000000, 0x0000000100000000)
  region size 1024K, 16 young (16384K), 3 survivors (3072K)
 Metaspace       used 112245K, committed 113472K, reserved 557056K
  class space    used 15496K, committed 16064K, reserved 425984K
}
Event: 130.281 GC heap after
{Heap after GC invocations=64 (full 0):
 garbage-first heap   total 266240K, used 218020K [0x0000000080000000, 0x0000000100000000)
  region size 1024K, 2 young (2048K), 2 survivors (2048K)
 Metaspace       used 112245K, committed 113472K, reserved 557056K
  class space    used 15496K, committed 16064K, reserved 425984K
}
Event: 130.386 GC heap before
{Heap before GC invocations=64 (full 0):
 garbage-first heap   total 266240K, used 231332K [0x0000000080000000, 0x0000000100000000)
  region size 1024K, 15 young (15360K), 2 survivors (2048K)
 Metaspace       used 112245K, committed 113472K, reserved 557056K
  class space    used 15496K, committed 16064K, reserved 425984K
}
Event: 130.389 GC heap after
{Heap after GC invocations=65 (full 0):
 garbage-first heap   total 266240K, used 218639K [0x0000000080000000, 0x0000000100000000)
  region size 1024K, 2 young (2048K), 2 survivors (2048K)
 Metaspace       used 112245K, committed 113472K, reserved 557056K
  class space    used 15496K, committed 16064K, reserved 425984K
}
Event: 130.477 GC heap before
{Heap before GC invocations=65 (full 0):
 garbage-first heap   total 266240K, used 230927K [0x0000000080000000, 0x0000000100000000)
  region size 1024K, 15 young (15360K), 2 survivors (2048K)
 Metaspace       used 112245K, committed 113472K, reserved 557056K
  class space    used 15496K, committed 16064K, reserved 425984K
}
Event: 130.490 GC heap after
{Heap after GC invocations=66 (full 0):
 garbage-first heap   total 370688K, used 219231K [0x0000000080000000, 0x0000000100000000)
  region size 1024K, 2 young (2048K), 2 survivors (2048K)
 Metaspace       used 112245K, committed 113472K, reserved 557056K
  class space    used 15496K, committed 16064K, reserved 425984K
}

